<?xml version="1.0" encoding="UTF-8"?>
<testng-results skipped="0" failed="0" total="1" passed="1">
  <reporter-output>
  </reporter-output>
  <suite name="Default suite" duration-ms="19445" started-at="2022-04-12T14:49:11Z" finished-at="2022-04-12T14:49:30Z">
    <groups>
    </groups>
    <test name="Default test" duration-ms="19445" started-at="2022-04-12T14:49:11Z" finished-at="2022-04-12T14:49:30Z">
      <class name="POM.VerifyLoginjava">
        <test-method status="PASS" signature="TestUser()[pri:0, instance:POM.VerifyLoginjava@71f2a7d5]" name="TestUser" duration-ms="19406" started-at="2022-04-12T20:19:11Z" finished-at="2022-04-12T20:19:30Z">
          <reporter-output>
          </reporter-output>
        </test-method> <!-- TestUser -->
      </class> <!-- POM.VerifyLoginjava -->
    </test> <!-- Default test -->
  </suite> <!-- Default suite -->
</testng-results>
